<?xml version="1.0" encoding="UTF-8"?>
<!-- Generated by org.testng.reporters.JUnitXMLReporter -->
<testsuite hostname="User-PC" ignored="0" name="Default test" tests="1" failures="0" timestamp="24 Apr 2020 06:51:32 GMT" time="3.771" errors="0">
  <testcase name="@BeforeClass lunchBrowser" time="3.678" classname="Flipkart.BaseClass">
    <failure type="org.openqa.selenium.SessionNotCreatedException" message="session not created: This version of ChromeDriver only supports Chrome version 79
Build info: version: &amp;apos;3.141.59&amp;apos;, revision: &amp;apos;e82be7d358&amp;apos;, time: &amp;apos;2018-11-14T08:25:48&amp;apos;
System info: host: &amp;apos;USER-PC&amp;apos;, ip: &amp;apos;192.168.0.110&amp;apos;, os.name: &amp;apos;Windows 8.1&amp;apos;, os.arch: &amp;apos;amd64&amp;apos;, os.version: &amp;apos;6.3&amp;apos;, java.version: &amp;apos;1.8.0_05&amp;apos;
Driver info: driver.version: ChromeDriver
remote stacktrace: Backtrace:
	Ordinal0 [0x0041A113+1548563]
	Ordinal0 [0x0039DDA1+1039777]
	Ordinal0 [0x0031E485+517253]
	Ordinal0 [0x002AFD34+64820]
	Ordinal0 [0x002AC61E+50718]
	Ordinal0 [0x002CB797+178071]
	Ordinal0 [0x002CB59D+177565]
	Ordinal0 [0x002C95FB+169467]
	Ordinal0 [0x002B160A+71178]
	Ordinal0 [0x002B2690+75408]
	Ordinal0 [0x002B2629+75305]
	Ordinal0 [0x003B71B7+1143223]
	GetHandleVerifier [0x004B2B46+507814]
	GetHandleVerifier [0x004B2864+507076]
	GetHandleVerifier [0x004B9F47+537511]
	GetHandleVerifier [0x004B3402+510050]
	Ordinal0 [0x003AF29C+1110684]
	Ordinal0 [0x003B938B+1151883]
	Ordinal0 [0x003B94F3+1152243]
	Ordinal0 [0x003B83F5+1147893]
	BaseThreadInitThunk [0x773B8494+36]
	RtlAreBitsSet [0x77B541C8+136]
	RtlAreBitsSet [0x77B54198+88]
">
      <![CDATA[org.openqa.selenium.SessionNotCreatedException: session not created: This version of ChromeDriver only supports Chrome version 79
Build info: version: '3.141.59', revision: 'e82be7d358', time: '2018-11-14T08:25:48'
System info: host: 'USER-PC', ip: '192.168.0.110', os.name: 'Windows 8.1', os.arch: 'amd64', os.version: '6.3', java.version: '1.8.0_05'
Driver info: driver.version: ChromeDriver
remote stacktrace: Backtrace:
Ordinal0 [0x0041A113+1548563]
Ordinal0 [0x0039DDA1+1039777]
Ordinal0 [0x0031E485+517253]
Ordinal0 [0x002AFD34+64820]
Ordinal0 [0x002AC61E+50718]
Ordinal0 [0x002CB797+178071]
Ordinal0 [0x002CB59D+177565]
Ordinal0 [0x002C95FB+169467]
Ordinal0 [0x002B160A+71178]
Ordinal0 [0x002B2690+75408]
Ordinal0 [0x002B2629+75305]
Ordinal0 [0x003B71B7+1143223]
GetHandleVerifier [0x004B2B46+507814]
GetHandleVerifier [0x004B2864+507076]
GetHandleVerifier [0x004B9F47+537511]
GetHandleVerifier [0x004B3402+510050]
Ordinal0 [0x003AF29C+1110684]
Ordinal0 [0x003B938B+1151883]
Ordinal0 [0x003B94F3+1152243]
Ordinal0 [0x003B83F5+1147893]
BaseThreadInitThunk [0x773B8494+36]
RtlAreBitsSet [0x77B541C8+136]
RtlAreBitsSet [0x77B54198+88]

at sun.reflect.NativeConstructorAccessorImpl.newInstance0(Native Method)
at sun.reflect.NativeConstructorAccessorImpl.newInstance(NativeConstructorAccessorImpl.java:62)
at sun.reflect.DelegatingConstructorAccessorImpl.newInstance(DelegatingConstructorAccessorImpl.java:45)
at java.lang.reflect.Constructor.newInstance(Constructor.java:408)
at org.openqa.selenium.remote.W3CHandshakeResponse.lambda$errorHandler$0(W3CHandshakeResponse.java:62)
at org.openqa.selenium.remote.W3CHandshakeResponse$$Lambda$199/1636588948.apply(Unknown Source)
at org.openqa.selenium.remote.HandshakeResponse.lambda$getResponseFunction$0(HandshakeResponse.java:30)
at org.openqa.selenium.remote.HandshakeResponse$$Lambda$194/1037955032.apply(Unknown Source)
at org.openqa.selenium.remote.ProtocolHandshake.lambda$createSession$0(ProtocolHandshake.java:126)
at org.openqa.selenium.remote.ProtocolHandshake$$Lambda$195/333693383.apply(Unknown Source)
at java.util.stream.ReferencePipeline$3$1.accept(ReferencePipeline.java:193)
at java.util.Spliterators$ArraySpliterator.tryAdvance(Spliterators.java:958)
at java.util.stream.ReferencePipeline.forEachWithCancel(ReferencePipeline.java:126)
at java.util.stream.AbstractPipeline.copyIntoWithCancel(AbstractPipeline.java:529)
at java.util.stream.AbstractPipeline.copyInto(AbstractPipeline.java:516)
at java.util.stream.AbstractPipeline.wrapAndCopyInto(AbstractPipeline.java:502)
at java.util.stream.FindOps$FindOp.evaluateSequential(FindOps.java:152)
at java.util.stream.AbstractPipeline.evaluate(AbstractPipeline.java:234)
at java.util.stream.ReferencePipeline.findFirst(ReferencePipeline.java:464)
at org.openqa.selenium.remote.ProtocolHandshake.createSession(ProtocolHandshake.java:128)
at org.openqa.selenium.remote.ProtocolHandshake.createSession(ProtocolHandshake.java:74)
at org.openqa.selenium.remote.HttpCommandExecutor.execute(HttpCommandExecutor.java:136)
at org.openqa.selenium.remote.service.DriverCommandExecutor.execute(DriverCommandExecutor.java:83)
at org.openqa.selenium.remote.RemoteWebDriver.execute(RemoteWebDriver.java:552)
at org.openqa.selenium.remote.RemoteWebDriver.startSession(RemoteWebDriver.java:213)
at org.openqa.selenium.remote.RemoteWebDriver.<init>(RemoteWebDriver.java:131)
at org.openqa.selenium.chrome.ChromeDriver.<init>(ChromeDriver.java:181)
at org.openqa.selenium.chrome.ChromeDriver.<init>(ChromeDriver.java:168)
at org.openqa.selenium.chrome.ChromeDriver.<init>(ChromeDriver.java:123)
at Flipkart.BaseClass.lunchBrowser(BaseClass.java:24)
at sun.reflect.NativeMethodAccessorImpl.invoke0(Native Method)
at sun.reflect.NativeMethodAccessorImpl.invoke(NativeMethodAccessorImpl.java:62)
at sun.reflect.DelegatingMethodAccessorImpl.invoke(DelegatingMethodAccessorImpl.java:43)
at java.lang.reflect.Method.invoke(Method.java:483)
at org.testng.internal.MethodInvocationHelper.invokeMethod(MethodInvocationHelper.java:124)
at org.testng.internal.MethodInvocationHelper.invokeMethodConsideringTimeout(MethodInvocationHelper.java:59)
at org.testng.internal.Invoker.invokeConfigurationMethod(Invoker.java:458)
at org.testng.internal.Invoker.invokeConfigurations(Invoker.java:222)
at org.testng.internal.Invoker.invokeConfigurations(Invoker.java:142)
at org.testng.internal.TestMethodWorker.invokeBeforeClassMethods(TestMethodWorker.java:168)
at org.testng.internal.TestMethodWorker.run(TestMethodWorker.java:105)
at org.testng.TestRunner.privateRun(TestRunner.java:648)
at org.testng.TestRunner.run(TestRunner.java:505)
at org.testng.SuiteRunner.runTest(SuiteRunner.java:455)
at org.testng.SuiteRunner.runSequentially(SuiteRunner.java:450)
at org.testng.SuiteRunner.privateRun(SuiteRunner.java:415)
at org.testng.SuiteRunner.run(SuiteRunner.java:364)
at org.testng.SuiteRunnerWorker.runSuite(SuiteRunnerWorker.java:52)
at org.testng.SuiteRunnerWorker.run(SuiteRunnerWorker.java:84)
at org.testng.TestNG.runSuitesSequentially(TestNG.java:1208)
at org.testng.TestNG.runSuitesLocally(TestNG.java:1137)
at org.testng.TestNG.runSuites(TestNG.java:1049)
at org.testng.TestNG.run(TestNG.java:1017)
at org.testng.remote.AbstractRemoteTestNG.run(AbstractRemoteTestNG.java:114)
at org.testng.remote.RemoteTestNG.initAndRun(RemoteTestNG.java:251)
at org.testng.remote.RemoteTestNG.main(RemoteTestNG.java:77)
]]>
    </failure>
  </testcase> <!-- @BeforeClass lunchBrowser -->
  <testcase name="@BeforeMethod loginFlipkart" time="0.0" classname="Flipkart.BaseClass">
    <skipped/>
  </testcase> <!-- @BeforeMethod loginFlipkart -->
  <testcase name="@AfterMethod logoutFlipkart" time="0.0" classname="Flipkart.BaseClass">
    <skipped/>
  </testcase> <!-- @AfterMethod logoutFlipkart -->
  <testcase name="@AfterClass closeBrowser" time="0.0" classname="Flipkart.BaseClass">
    <skipped/>
  </testcase> <!-- @AfterClass closeBrowser -->
  <testcase name="testOnTestScript" time="0.0" classname="Testing.TestScript">
    <skipped/>
  </testcase> <!-- testOnTestScript -->
</testsuite> <!-- Default test -->
